<?xml version="1.0" encoding="UTF-8"?>
<testng-results skipped="0" failed="0" total="0" passed="0">
  <reporter-output>
  </reporter-output>
  <suite name="DataDriven.FrameworkDataDriven.BaseTest" duration-ms="1" started-at="2019-11-05T05:08:44Z" finished-at="2019-11-05T05:08:44Z">
    <groups>
    </groups>
    <test name="Command line test" duration-ms="1" started-at="2019-11-05T05:08:44Z" finished-at="2019-11-05T05:08:44Z">
    </test> <!-- Command line test -->
  </suite> <!-- DataDriven.FrameworkDataDriven.BaseTest -->
</testng-results>
