<?xml version="1.0" encoding="UTF-8"?>
<!-- Generated by org.testng.reporters.JUnitXMLReporter -->
<testsuite hostname="LAPTOP-ONO7GG0H" name="simpleTest" tests="2" failures="1" timestamp="4 Nov 2019 06:29:02 GMT" time="0.034" errors="0">
  <testcase name="testOFaction" time="0.013" classname="DataDriven.Framework.TestCases.Action">
    <failure type="java.lang.NullPointerException">
      <![CDATA[java.lang.NullPointerException
	at DataDriven.FrameworkDataDriven.BaseTest.openBrowser(BaseTest.java:41)
	at DataDriven.Framework.TestCases.Action.testOFaction(Action.java:12)
... Removed 24 stack frames]]>
    </failure>
  </testcase> <!-- testOFaction -->
  <testcase name="openBrowser" time="0.0" classname="DataDriven.Framework.TestCases.Action">
    <skipped/>
  </testcase> <!-- openBrowser -->
</testsuite> <!-- simpleTest -->
