<?xml version="1.0" encoding="UTF-8"?>
<!-- Generated by org.testng.reporters.JUnitXMLReporter -->
<testsuite hostname="LAPTOP-ONO7GG0H" name="simpleTest" tests="5" failures="2" timestamp="4 Nov 2019 08:54:49 GMT" time="0.04" errors="0">
  <testcase name="openBrowser" time="0.0" classname="DataDriven.FrameworkDataDriven.BaseTest">
    <skipped/>
  </testcase> <!-- openBrowser -->
  <testcase name="testOFaction" time="0.011" classname="DataDriven.Framework.TestCases.Action">
    <failure type="java.lang.NullPointerException">
      <![CDATA[java.lang.NullPointerException
	at DataDriven.FrameworkDataDriven.BaseTest.openBrowser(BaseTest.java:41)
	at DataDriven.Framework.TestCases.Action.testOFaction(Action.java:12)
... Removed 24 stack frames]]>
    </failure>
  </testcase> <!-- testOFaction -->
  <testcase name="openBrowser" time="0.0" classname="DataDriven.Framework.TestCases.Action">
    <skipped/>
  </testcase> <!-- openBrowser -->
  <testcase name="openBrowser" time="0.0" classname="DataDriven.Framework.TestCases.Login">
    <skipped/>
  </testcase> <!-- openBrowser -->
  <testcase name="loginfun" time="0.001" classname="DataDriven.Framework.TestCases.Login">
    <failure type="java.lang.NullPointerException">
      <![CDATA[java.lang.NullPointerException
	at DataDriven.Framework.TestCases.Login.loginfun(Login.java:13)
... Removed 24 stack frames]]>
    </failure>
  </testcase> <!-- loginfun -->
</testsuite> <!-- simpleTest -->
