<?xml version="1.0" encoding="UTF-8"?>
<testng-results skipped="0" failed="0" total="1" passed="1">
  <reporter-output>
  </reporter-output>
  <suite name="Default suite" duration-ms="7914" started-at="2019-11-05T22:05:51Z" finished-at="2019-11-05T22:05:59Z">
    <groups>
    </groups>
    <test name="Default test" duration-ms="7914" started-at="2019-11-05T22:05:51Z" finished-at="2019-11-05T22:05:59Z">
      <class name="DataDriven.Framework.TestCases.Action">
        <test-method status="PASS" signature="testOFaction()[pri:0, instance:DataDriven.Framework.TestCases.Action@3abbfa04]" name="testOFaction" duration-ms="7894" started-at="2019-11-06T03:35:51Z" finished-at="2019-11-06T03:35:59Z">
          <reporter-output>
          </reporter-output>
        </test-method> <!-- testOFaction -->
      </class> <!-- DataDriven.Framework.TestCases.Action -->
    </test> <!-- Default test -->
  </suite> <!-- Default suite -->
</testng-results>
